<?xml version="1.0" encoding="UTF-8"?>
<!-- Generated by org.testng.reporters.JUnitReportReporter -->
<testsuite hostname="NUC1" failures="0" tests="7" name="BuydirectTest.TestClass.TC_WelcomePageTest" time="83.997" errors="0" timestamp="2024-03-12T11:45:38 IST" skipped="0">
  <testcase classname="BuydirectTest.TestClass.TC_WelcomePageTest" name="TC5_Verify_body_Text2" time="11.978"/>
  <testcase classname="BuydirectTest.TestClass.TC_WelcomePageTest" name="TC1_Verify_header_logo" time="18.939"/>
  <testcase classname="BuydirectTest.TestClass.TC_WelcomePageTest" name="TC3_Verify_partner_tender_name" time="11.993"/>
  <testcase classname="BuydirectTest.TestClass.TC_WelcomePageTest" name="TC6_Verify_header_Text" time="8.597"/>
  <testcase classname="BuydirectTest.TestClass.TC_WelcomePageTest" name="TC0_Verify_title_of_page" time="10.031"/>
  <testcase classname="BuydirectTest.TestClass.TC_WelcomePageTest" name="TC2_Verify_header_image_broken" time="9.512"/>
  <testcase classname="BuydirectTest.TestClass.TC_WelcomePageTest" name="TC4_Verify_body_Text1" time="12.947"/>
</testsuite> <!-- BuydirectTest.TestClass.TC_WelcomePageTest -->
